top - 21:59:17 up 2 days,  6:55,  1 user,  load average: 0.84, 0.96, 0.91
Tasks: 451 total,   1 running, 450 sleeping,   0 stopped,   0 zombie
%Cpu(s):  5.8 us,  3.5 sy,  0.0 ni, 87.8 id,  2.9 wa,  0.0 hi,  0.0 si,  0.0 st
MiB Mem :  15755.9 total,    546.0 free,   9661.9 used,   5548.0 buff/cache
MiB Swap:   2048.0 total,    734.8 free,   1313.2 used.   4094.2 avail Mem 

    PID USER      PR  NI    VIRT    RES    SHR S  %CPU  %MEM     TIME+ COMMAND
 212819 joel-wa+  20   0   13340   4352   3328 R  22.2   0.0   0:00.07 top
   3481 joel-wa+  20   0 6936704 413016 141400 S  11.1   2.6 132:05.65 gnome-shell
   4259 joel-wa+  20   0   12.2g 575228 231480 S  11.1   3.6  64:28.44 firefox
top - 22:00:45 up 2 days,  6:56,  1 user,  load average: 1.02, 1.02, 0.93
Tasks: 449 total,   1 running, 448 sleeping,   0 stopped,   0 zombie
%Cpu(s): 16.2 us,  2.9 sy,  0.0 ni, 80.1 id,  0.7 wa,  0.0 hi,  0.0 si,  0.0 st
MiB Mem :  15755.9 total,    295.9 free,   9880.0 used,   5579.9 buff/cache
MiB Swap:   2048.0 total,    737.3 free,   1310.7 used.   3879.9 avail Mem 

    PID USER      PR  NI    VIRT    RES    SHR S  %CPU  %MEM     TIME+ COMMAND
   3166 root      20   0 3987764 989292   4160 S 118.8   6.1  14:22.17 qemu-system-x86
   3481 joel-wa+  20   0 6936580 413348 141528 S   6.2   2.6 132:17.57 gnome-shell
   5677 joel-wa+  20   0  572140  65372  48916 S   6.2   0.4   5:13.03 gnome-terminal-
 117443 joel-wa+  20   0 2676412 257368 134616 S   6.2   1.6   1:12.68 Isolated Web Co
 213074 joel-wa+  20   0 1036932  27904  24832 S   6.2   0.2   0:00.12 multipass
 213164 joel-wa+  20   0   13340   4352   3328 R   6.2   0.0   0:00.01 top
      1 root      20   0  169080  13712   8308 S   0.0   0.1   0:22.86 systemd
      2 root      20   0       0      0      0 S   0.0   0.0   0:00.12 kthreadd
      3 root      20   0       0      0      0 S   0.0   0.0   0:00.00 pool_workqueue_release
      4 root       0 -20       0      0      0 I   0.0   0.0   0:00.00 kworker/R-rcu_g
      5 root       0 -20       0      0      0 I   0.0   0.0   0:00.00 kworker/R-rcu_p
      6 root       0 -20       0      0      0 I   0.0   0.0   0:00.00 kworker/R-slub_
      7 root       0 -20       0      0      0 I   0.0   0.0   0:00.00 kworker/R-netns
      9 root       0 -20       0      0      0 I   0.0   0.0   0:05.64 kworker/0:0H-events_highpri
     12 root       0 -20       0      0      0 I   0.0   0.0   0:00.00 kworker/R-mm_pe
     13 root      20   0       0      0      0 I   0.0   0.0   0:00.00 rcu_tasks_kthread
     14 root      20   0       0      0      0 I   0.0   0.0   0:00.00 rcu_tasks_rude_kthread
     15 root      20   0       0      0      0 I   0.0   0.0   0:00.00 rcu_tasks_trace_kthread
     16 root      20   0       0      0      0 S   0.0   0.0   0:02.19 ksoftirqd/0
     17 root      20   0       0      0      0 I   0.0   0.0   1:15.67 rcu_preempt
     18 root      rt   0       0      0      0 S   0.0   0.0   0:00.57 migration/0
     19 root     -51   0       0      0      0 S   0.0   0.0   0:00.00 idle_inject/0
     20 root      20   0       0      0      0 S   0.0   0.0   0:00.00 cpuhp/0
     21 root      20   0       0      0      0 S   0.0   0.0   0:00.03 cpuhp/1
     22 root     -51   0       0      0      0 S   0.0   0.0   0:00.00 idle_inject/1
     23 root      rt   0       0      0      0 S   0.0   0.0   0:00.69 migration/1
     24 root      20   0       0      0      0 S   0.0   0.0   0:02.18 ksoftirqd/1
     26 root       0 -20       0      0      0 I   0.0   0.0   0:00.00 kworker/1:0H-events_highpri
     27 root      20   0       0      0      0 S   0.0   0.0   0:00.03 cpuhp/2
     28 root     -51   0       0      0      0 S   0.0   0.0   0:00.00 idle_inject/2
     29 root      rt   0       0      0      0 S   0.0   0.0   0:00.67 migration/2
     30 root      20   0       0      0      0 S   0.0   0.0   0:16.97 ksoftirqd/2
     32 root       0 -20       0      0      0 I   0.0   0.0   0:00.00 kworker/2:0H-events_highpri
     33 root      20   0       0      0      0 S   0.0   0.0   0:00.03 cpuhp/3
     34 root     -51   0       0      0      0 S   0.0   0.0   0:00.00 idle_inject/3
     35 root      rt   0       0      0      0 S   0.0   0.0   0:00.72 migration/3
     36 root      20   0       0      0      0 S   0.0   0.0   0:39.48 ksoftirqd/3
     38 root       0 -20       0      0      0 I   0.0   0.0   0:04.66 kworker/3:0H-events_highpri
     39 root      20   0       0      0      0 S   0.0   0.0   0:00.03 cpuhp/4
     40 root     -51   0       0      0      0 S   0.0   0.0   0:00.00 idle_inject/4
     41 root      rt   0       0      0      0 S   0.0   0.0   0:00.71 migration/4
     42 root      20   0       0      0      0 S   0.0   0.0   0:15.98 ksoftirqd/4
     44 root       0 -20       0      0      0 I   0.0   0.0   0:00.00 kworker/4:0H-events_highpri
     45 root      20   0       0      0      0 S   0.0   0.0   0:00.02 cpuhp/5
     46 root     -51   0       0      0      0 S   0.0   0.0   0:00.00 idle_inject/5
     47 root      rt   0       0      0      0 S   0.0   0.0   0:00.72 migration/5
     48 root      20   0       0      0      0 S   0.0   0.0   0:03.46 ksoftirqd/5
     50 root       0 -20       0      0      0 I   0.0   0.0   0:00.00 kworker/5:0H-events_highpri
     51 root      20   0       0      0      0 S   0.0   0.0   0:00.02 cpuhp/6
     52 root     -51   0       0      0      0 S   0.0   0.0   0:00.00 idle_inject/6
     53 root      rt   0       0      0      0 S   0.0   0.0   0:00.74 migration/6
     54 root      20   0       0      0      0 S   0.0   0.0   1:44.12 ksoftirqd/6
     56 root       0 -20       0      0      0 I   0.0   0.0   0:00.00 kworker/6:0H-events_highpri
     57 root      20   0       0      0      0 S   0.0   0.0   0:00.02 cpuhp/7
     58 root     -51   0       0      0      0 S   0.0   0.0   0:00.00 idle_inject/7
     59 root      rt   0       0      0      0 S   0.0   0.0   0:00.77 migration/7
     60 root      20   0       0      0      0 S   0.0   0.0   0:12.82 ksoftirqd/7
     62 root       0 -20       0      0      0 I   0.0   0.0   0:00.00 kworker/7:0H-events_highpri
     63 root      20   0       0      0      0 S   0.0   0.0   0:00.01 kdevtmpfs
     64 root       0 -20       0      0      0 I   0.0   0.0   0:00.00 kworker/R-inet_
     66 root      20   0       0      0      0 S   0.0   0.0   0:00.03 kauditd
     67 root      20   0       0      0      0 S   0.0   0.0   0:00.26 khungtaskd
     68 root      20   0       0      0      0 S   0.0   0.0   0:00.00 oom_reaper
     70 root       0 -20       0      0      0 I   0.0   0.0   0:00.00 kworker/R-write
     71 root      20   0       0      0      0 S   0.0   0.0   0:32.34 kcompactd0
     72 root      25   5       0      0      0 S   0.0   0.0   3:40.15 ksmd
     73 root      39  19       0      0      0 S   0.0   0.0   0:29.57 khugepaged
     74 root       0 -20       0      0      0 I   0.0   0.0   0:00.00 kworker/R-kinte
     75 root       0 -20       0      0      0 I   0.0   0.0   0:00.00 kworker/R-kbloc
     76 root       0 -20       0      0      0 I   0.0   0.0   0:00.00 kworker/R-blkcg
     77 root     -51   0       0      0      0 S   0.0   0.0   1:22.86 irq/9-acpi
     83 root       0 -20       0      0      0 I   0.0   0.0   0:00.00 kworker/R-tpm_d
     84 root       0 -20       0      0      0 I   0.0   0.0   0:00.00 kworker/R-ata_s
     85 root       0 -20       0      0      0 I   0.0   0.0   0:00.00 kworker/R-md
     86 root       0 -20       0      0      0 I   0.0   0.0   0:00.00 kworker/R-md_bi
     87 root       0 -20       0      0      0 I   0.0   0.0   0:00.00 kworker/R-edac-
     88 root       0 -20       0      0      0 I   0.0   0.0   0:00.00 kworker/R-devfr
     89 root     -51   0       0      0      0 S   0.0   0.0   0:00.00 watchdogd
     91 root       0 -20       0      0      0 I   0.0   0.0   0:05.85 kworker/7:1H-kblockd
     93 root      20   0       0      0      0 S   0.0   0.0   0:00.05 ksgxd
     94 root      20   0       0      0      0 S   0.0   0.0   0:10.49 kswapd0
     95 root      20   0       0      0      0 S   0.0   0.0   0:00.00 ecryptfs-kthread
     96 root       0 -20       0      0      0 I   0.0   0.0   0:00.00 kworker/R-kthro
     97 root     -51   0       0      0      0 S   0.0   0.0   0:00.00 irq/123-aerdrv
     98 root     -51   0       0      0      0 S   0.0   0.0   0:00.00 irq/124-aerdrv
     99 root     -51   0       0      0      0 S   0.0   0.0   0:00.00 irq/125-aerdrv
    100 root       0 -20       0      0      0 I   0.0   0.0   0:00.00 kworker/R-acpi_
    101 root      20   0       0      0      0 S   0.0   0.0   0:01.09 hwrng
    103 root       0 -20       0      0      0 I   0.0   0.0   0:00.00 kworker/R-mld
    104 root       0 -20       0      0      0 I   0.0   0.0   0:03.68 kworker/2:1H-kblockd
    105 root       0 -20       0      0      0 I   0.0   0.0   0:00.00 kworker/R-ipv6_
    112 root       0 -20       0      0      0 I   0.0   0.0   0:00.00 kworker/R-kstrp
    127 root       0 -20       0      0      0 I   0.0   0.0   0:00.00 kworker/R-charg
    149 root       0 -20       0      0      0 I   0.0   0.0   0:05.43 kworker/4:1H-kblockd
    164 root       0 -20       0      0      0 I   0.0   0.0   0:04.45 kworker/5:1H-kblockd
    165 root       0 -20       0      0      0 I   0.0   0.0   0:04.39 kworker/1:1H-kblockd
    167 root       0 -20       0      0      0 I   0.0   0.0   0:00.00 kworker/0:1H
    168 root       0 -20       0      0      0 I   0.0   0.0   0:00.00 kworker/3:1H
    169 root       0 -20       0      0      0 I   0.0   0.0   0:04.58 kworker/6:1H-events_highpri
    190 root       0 -20       0      0      0 I   0.0   0.0   0:00.00 kworker/R-nvme-
    191 root       0 -20       0      0      0 I   0.0   0.0   0:00.00 kworker/R-nvme-
    192 root       0 -20       0      0      0 I   0.0   0.0   0:00.00 kworker/R-nvme-
    193 root       0 -20       0      0      0 I   0.0   0.0   0:00.00 kworker/R-nvme-
    248 root       0 -20       0      0      0 I   0.0   0.0   0:00.00 kworker/R-USBC0
    252 root       0 -20       0      0      0 I   0.0   0.0   0:00.00 kworker/R-USBC0
    272 root      20   0       0      0      0 S   0.0   0.0   0:15.35 jbd2/nvme0n1p5-8
    273 root       0 -20       0      0      0 I   0.0   0.0   0:00.00 kworker/R-ext4-
    329 root      19  -1  175292 104164 102924 S   0.0   0.6   0:17.71 systemd-journal
    353 root       0 -20       0      0      0 I   0.0   0.0   0:00.00 kworker/R-rpcio
    354 root       0 -20       0      0      0 I   0.0   0.0   0:00.00 kworker/R-xprti
    408 root      20   0   27336   4868   4148 S   0.0   0.0   0:13.07 systemd-udevd
    474 root     -51   0       0      0      0 S   0.0   0.0   8:43.52 irq/146-elan_i2c
    476 root       0 -20       0      0      0 I   0.0   0.0   0:00.00 kworker/R-cfg80
    483 root       0 -20       0      0      0 I   0.0   0.0   0:00.00 kworker/R-ktpac
    487 root     -51   0       0      0      0 S   0.0   0.0   4:09.45 irq/147-iwlwifi
    593 root       0 -20       0      0      0 I   0.0   0.0   0:00.00 kworker/R-ttm
    602 root     -51   0       0      0      0 S   0.0   0.0   0:00.02 card1-crtc0
    603 root     -51   0       0      0      0 S   0.0   0.0   0:00.00 card1-crtc1
    604 root     -51   0       0      0      0 S   0.0   0.0   0:00.00 card1-crtc2
    632 root       0 -20       0      0      0 I   0.0   0.0   0:00.00 kworker/R-crypt
    703 root      20   0    8584   1940   1792 S   0.0   0.0   0:02.53 haveged
    704 _rpc      20   0    8104   3708   3608 S   0.0   0.0   0:00.16 rpcbind
    706 systemd+  20   0   14836   6148   5996 S   0.0   0.0   2:28.20 systemd-oomd
    707 systemd+  20   0   26720  10632   9136 S   0.0   0.1  13:06.89 systemd-resolve
    738 root      20   0    5128   1736   1724 S   0.0   0.0   0:00.00 blkmapd
    746 root      20   0    3108   1956   1908 S   0.0   0.0   0:00.00 rpc.idmapd
    750 root      20   0    5464   2272   2124 S   0.0   0.0   0:00.00 nfsdcld
    825 root      20   0  240396   7780   6676 S   0.0   0.0   0:03.67 accounts-daemon
    826 root      20   0    2948   2156   1880 S   0.0   0.0   0:06.65 acpid
    830 avahi     20   0    8128   4492   3652 S   0.0   0.0   1:13.44 avahi-daemon
    833 root      20   0   10908   5464   4784 S   0.0   0.0   1:22.20 bluetoothd
    834 root      20   0    9496   2824   2652 S   0.0   0.0   0:00.28 cron
    837 message+  20   0   11548   7048   3984 S   0.0   0.0   5:37.03 dbus-daemon
    847 root      20   0   82804   3660   3524 S   0.0   0.0   0:13.83 irqbalance
    849 root      20   0   41088  11928  11712 S   0.0   0.1   0:00.24 networkd-dispat
    852 root      20   0  244016  12144   7392 S   0.0   0.1   0:13.11 polkitd
    855 root      20   0  240104   7576   7004 S   0.0   0.0   0:00.27 power-profiles-
    856 syslog    20   0  222404   4952   3880 S   0.0   0.0   0:04.01 rsyslogd
    862 root      20   0   11400   4396   4256 S   0.0   0.0   0:00.05 smartd
    868 root      20   0  236672   6628   6088 S   0.0   0.0   0:01.17 switcheroo-cont
    876 root      20   0   31924   7496   6856 S   0.0   0.0   0:06.22 systemd-logind
    880 root      20   0   15000   6348   6028 S   0.0   0.0   0:03.59 systemd-machine
    884 root      20   0  276228   9800   9168 S   0.0   0.1   0:20.23 thermald
    885 root      20   0  394048  10880   8832 S   0.0   0.1   0:06.72 udisksd
    887 root      20   0   17876   9000   7684 S   0.0   0.1   0:08.38 wpa_supplicant
    890 daemon    20   0    3864   2276   2216 S   0.0   0.0   0:00.00 atd
    903 avahi     20   0    7444   1600   1436 S   0.0   0.0   0:00.00 avahi-daemon
    941 root      20   0  318140   8820   7468 S   0.0   0.1   0:03.53 ModemManager
    951 root      20   0  483656  18624  15128 S   0.0   0.1   3:26.04 NetworkManager
    994 root      20   0  242764   9488   7492 S   0.0   0.1   2:26.92 upowerd
   1067 root      20   0   73012  12660  11500 S   0.0   0.1   0:00.25 cupsd
   1071 root      20   0 2807340 230456  20172 S   0.0   1.4   1:38.92 multipassd
   1084 root      20   0 2097092  12332   4096 S   0.0   0.1   1:35.63 containerd
   1091 root      20   0   15432   5404   5388 S   0.0   0.0   0:00.05 sshd
   1100 root      20   0 1552908  21540  16032 S   0.0   0.1   0:11.25 libvirtd
   1112 root      20   0  118192  15616  14112 S   0.0   0.1   0:00.39 unattended-upgr
   1144 root      20   0  241348   8400   7688 S   0.0   0.1   0:00.33 gdm3
   1184 _chrony   20   0   18896   3556   3152 S   0.0   0.0   0:01.41 chronyd
   1190 _chrony   20   0   10924   3036   2832 S   0.0   0.0   0:00.03 chronyd
   1553 libvirt+  20   0   10084   2000   1612 S   0.0   0.0   0:05.87 dnsmasq
   1555 root      20   0   10084   1024    636 S   0.0   0.0   0:00.00 dnsmasq
   1635 rtkit     21   1  154004   3224   3108 S   0.0   0.0   0:01.15 rtkit-daemon
   1921 geoclue   20   0  652840  25828  14120 S   0.0   0.2   0:37.00 geoclue
   1928 root      20   0  372532  31400  16480 S   0.0   0.2   0:32.76 packagekitd
   2082 root      20   0  172060  10292   9584 S   0.0   0.1   0:00.61 cups-browsed
   2088 root      20   0   70848  11924  11296 S   0.0   0.1   0:04.12 nmbd
   2097 root      20   0    5136   1424   1424 S   0.0   0.0   0:00.00 rpc.mountd
   2099 statd     20   0    4776   2168   1948 S   0.0   0.0   0:00.00 rpc.statd
   2110 kernoops  20   0   13092   1920   1784 S   0.0   0.0   0:00.09 kerneloops
   2112 root      20   0       0      0      0 I   0.0   0.0   0:00.00 lockd
   2114 kernoops  20   0   13092   1944   1792 S   0.0   0.0   0:00.09 kerneloops
   2130 root      20   0       0      0      0 I   0.0   0.0   0:00.00 nfsd
   2131 root      20   0       0      0      0 I   0.0   0.0   0:00.00 nfsd
   2132 root      20   0       0      0      0 I   0.0   0.0   0:00.00 nfsd
   2133 root      20   0       0      0      0 I   0.0   0.0   0:00.00 nfsd
   2134 root      20   0       0      0      0 I   0.0   0.0   0:00.00 nfsd
   2135 root      20   0       0      0      0 I   0.0   0.0   0:00.00 nfsd
   2137 root      20   0       0      0      0 I   0.0   0.0   0:00.00 nfsd
   2138 root      20   0       0      0      0 I   0.0   0.0   0:00.00 nfsd
   2148 root      20   0   86748  14604  14360 S   0.0   0.1   0:00.80 smbd
   2164 root      20   0   84612   6556   6480 S   0.0   0.0   0:00.13 smbd-notifyd
   2166 root      20   0   84604   5132   5056 S   0.0   0.0   0:00.13 cleanupd
   2171 colord    20   0  245400  11924   9168 S   0.0   0.1   0:01.35 colord
   2178 root      20   0   86536  15056  13628 S   0.0   0.1   0:01.04 samba-bgqd
   2247 root      20   0    9688   2036   1948 S   0.0   0.0   0:00.00 xinetd
   2410 nobody    20   0   10504   3588   3360 S   0.0   0.0   0:02.20 dnsmasq
   2783 root      20   0 4630736 984976   4104 S   0.0   6.1  11:25.79 qemu-system-x86
   3050 root      20   0   41228   4516   4076 S   0.0   0.0   0:00.67 master
   3074 root      20   0 4963448 994940   4040 S   0.0   6.2  12:45.49 qemu-system-x86
   3235 root      20   0       0      0      0 S   0.0   0.0   0:00.11 kvm-nx-lpage-recovery-2783
   3236 root      20   0       0      0      0 S   0.0   0.0   0:00.11 kvm-nx-lpage-recovery-3074
   3237 root      20   0       0      0      0 S   0.0   0.0   0:00.13 kvm-nx-lpage-recovery-3166
   3247 root      20   0       0      0      0 S   0.0   0.0   0:00.00 kvm-pit/3074
   3248 root      20   0       0      0      0 S   0.0   0.0   0:00.00 kvm-pit/2783
   3249 root      20   0       0      0      0 S   0.0   0.0   0:00.00 kvm-pit/3166
   3282 root      20   0  138684  13848  13796 S   0.0   0.1   0:00.60 sshfs_server
   3285 root      20   0  318296  11280   8896 S   0.0   0.1   0:00.51 gdm-session-wor
   3291 joel-wa+  20   0   18636  10708   8124 S   0.0   0.1   0:15.88 systemd
   3292 joel-wa+  20   0  105596   1984   1632 S   0.0   0.0   0:00.00 (sd-pam)
   3298 joel-wa+   9 -11   39856   3956   3824 S   0.0   0.0   0:00.40 pipewire
   3299 joel-wa+  20   0   23616   3832   3620 S   0.0   0.0   0:00.46 pipewire-media-
   3300 joel-wa+   9 -11 2808148  25464  21464 S   0.0   0.2  32:10.27 pulseaudio
   3312 joel-wa+  20   0  241060   7344   6332 S   0.0   0.0   0:01.55 gnome-keyring-d
   3322 joel-wa+  20   0   11108   7108   4020 S   0.0   0.0   0:21.85 dbus-daemon
   3323 joel-wa+  20   0  611672   7140   6636 S   0.0   0.0   0:01.41 xdg-document-po
   3326 joel-wa+  20   0  236156   5932   5624 S   0.0   0.0   0:00.06 xdg-permission-
   3332 root      20   0    2796   1760   1760 S   0.0   0.0   0:00.00 fusermount3
   3351 joel-wa+  20   0  162392   6028   5716 S   0.0   0.0   0:00.03 gdm-wayland-ses
   3354 joel-wa+  20   0  223044  13896  13784 S   0.0   0.1   0:00.12 gnome-session-b
   3417 joel-wa+  20   0   91912   5308   5288 S   0.0   0.0   0:00.01 gnome-session-c
   3430 joel-wa+  20   0  240768   7432   6752 S   0.0   0.0   0:00.38 gvfsd
   3440 joel-wa+  20   0  380896   6320   5904 S   0.0   0.0   0:00.04 gvfsd-fuse
   3446 joel-wa+  20   0  519468  16116  14696 S   0.0   0.1   0:01.55 gnome-session-b
   3449 joel-wa+  20   0  239296   7952   7604 S   0.0   0.0   0:00.03 gsettings-helpe
   3459 root      10 -10       0      0      0 S   0.0   0.0   0:00.00 krfcommd
   3471 joel-wa+  20   0  309660   7460   7044 S   0.0   0.0   0:00.10 at-spi-bus-laun
   3480 joel-wa+  20   0    8696   4376   3900 S   0.0   0.0   0:00.22 dbus-daemon
   3510 root      20   0  138684  13820  13736 S   0.0   0.1   0:00.29 sshfs_server
   3527 joel-wa+  20   0  582748  15252  14168 S   0.0   0.1   0:00.66 gnome-shell-cal
   3535 joel-wa+  20   0 1072244  20732  19456 S   0.0   0.1   0:00.60 evolution-sourc
   3536 joel-wa+  20   0   39128   7336   7260 S   0.0   0.0   0:00.26 snapd-desktop-i
   3567 joel-wa+  20   0  588052  33088  32412 S   0.0   0.2   0:00.65 goa-daemon
   3593 joel-wa+  20   0 1381216  25444  23424 S   0.0   0.2   0:01.26 evolution-calen
   3596 joel-wa+  20   0  157332   6132   5336 S   0.0   0.0   0:00.42 dconf-service
   3601 joel-wa+  20   0  429016  10336   8756 S   0.0   0.1   0:01.11 snapd-desktop-i
   3604 joel-wa+  20   0  316228  10128   8016 S   0.0   0.1   0:07.91 gvfs-udisks2-vo
   3611 joel-wa+  20   0  338404  13360  12800 S   0.0   0.1   0:00.28 goa-identity-se
   3643 joel-wa+  20   0  754240  23372  21916 S   0.0   0.1   0:00.73 evolution-addre
   3650 joel-wa+  20   0  315212   7532   6984 S   0.0   0.0   0:03.94 gvfs-afc-volume
   3657 joel-wa+  20   0  236460   6548   6004 S   0.0   0.0   0:00.33 gvfs-mtp-volume
   3664 joel-wa+  20   0  237544   6872   6292 S   0.0   0.0   0:00.32 gvfs-gphoto2-vo
   3668 joel-wa+  20   0  236636   6612   6084 S   0.0   0.0   0:00.22 gvfs-goa-volume
   3677 joel-wa+  20   0  599728  32416  29352 S   0.0   0.2   0:02.56 dolphin
   3678 joel-wa+  20   0  315016   8672   7488 S   0.0   0.1   0:00.39 gvfsd-trash
   3688 joel-wa+  20   0 2931456  27560  22336 S   0.0   0.2   0:06.05 gjs
   3690 joel-wa+  20   0  162688   6960   6588 S   0.0   0.0   0:00.19 at-spi2-registr
   3692 joel-wa+  20   0 1073516  40508  14688 S   0.0   0.3  19:48.18 Xwayland
   3712 joel-wa+  20   0    2892   1660   1652 S   0.0   0.0   0:00.01 sh
   3714 joel-wa+  20   0  315568   9756   6716 S   0.0   0.1   1:54.10 ibus-daemon
   3715 joel-wa+  20   0  310460   6548   6188 S   0.0   0.0   0:00.13 gsd-a11y-settin
   3717 joel-wa+  20   0  461160  24388  20392 S   0.0   0.2   0:01.48 gsd-color
   3721 joel-wa+  20   0  375504  14352  13868 S   0.0   0.1   0:00.21 gsd-datetime
   3722 joel-wa+  20   0  312324   8068   7180 S   0.0   0.1   0:09.48 gsd-housekeepin
   3724 joel-wa+  20   0  338928  19756  17016 S   0.0   0.1   0:00.48 gsd-keyboard
   3729 joel-wa+  20   0  715116  24828  21828 S   0.0   0.2   0:02.45 gsd-media-keys
   3735 joel-wa+  20   0  787676  26588  22020 S   0.0   0.2   0:03.96 gsd-power
   3736 joel-wa+  20   0  249856  10404   9796 S   0.0   0.1   0:00.16 gsd-print-notif
   3740 joel-wa+  20   0  457860   6548   6060 S   0.0   0.0   0:00.45 gsd-rfkill
   3743 joel-wa+  20   0  236292   6168   5732 S   0.0   0.0   0:00.15 gsd-screensaver
   3745 joel-wa+  20   0  466116  10536   8816 S   0.0   0.1   0:10.84 gsd-sharing
   3746 joel-wa+  20   0  232272   7708   5800 S   0.0   0.0   0:00.15 gsd-disk-utilit
   3749 joel-wa+  20   0  312344   7236   6860 S   0.0   0.0   0:00.16 gsd-smartcard
   3753 joel-wa+  20   0  319380   9072   8560 S   0.0   0.1   0:00.15 gsd-sound
   3759 joel-wa+  20   0  339536  19680  17248 S   0.0   0.1   0:00.58 gsd-wacom
   3781 joel-wa+  20   0  574080  34544  29060 S   0.0   0.2   0:13.85 kdeconnectd
   3795 joel-wa+  20   0  827384  55436  45184 S   0.0   0.3   0:01.20 evolution-alarm
   3838 joel-wa+  20   0 1746360 129520  18192 S   0.0   0.8   0:35.53 snap-store
   3853 joel-wa+  20   0  342360  13528  12996 S   0.0   0.1   0:00.19 gsd-printer
   3857 joel-wa+  20   0  237332   6860   6524 S   0.0   0.0   0:00.04 ibus-dconf
   3858 joel-wa+  20   0  347436  38504  17588 S   0.0   0.2   0:25.45 ibus-extension-
   3872 joel-wa+  20   0  237396   7292   6612 S   0.0   0.0   0:01.15 ibus-portal
   3890 joel-wa+  20   0  366592  18912  13664 S   0.0   0.1   0:01.47 gvfsd-http
   3918 joel-wa+  20   0  163748   7516   6560 S   0.0   0.0   0:36.38 ibus-engine-sim
   4005 joel-wa+  20   0  689388  12200  10188 S   0.0   0.1   0:04.87 xdg-desktop-por
   4009 joel-wa+  20   0  451044  17200  13848 S   0.0   0.1   0:04.30 xdg-desktop-por
   4032 joel-wa+  39  19  645956  28400  21580 S   0.0   0.2   0:10.79 tracker-miner-f
   4079 joel-wa+  20   0 2939472  25184  22452 S   0.0   0.2   0:00.99 gjs
   4092 joel-wa+  20   0 1049420  30616  21884 S   0.0   0.2   0:01.30 gsd-xsettings
   4143 joel-wa+  20   0  342852  18712  16140 S   0.0   0.1   0:01.46 xdg-desktop-por
   4159 joel-wa+  20   0  341984  19096  17128 S   0.0   0.1   0:00.55 ibus-x11
   4180 joel-wa+  20   0  588616  33400  29300 S   0.0   0.2   0:02.34 xdg-desktop-por
   4229 joel-wa+  20   0  163012   6224   5880 S   0.0   0.0   0:00.04 gvfsd-metadata
   4259 joel-wa+  20   0   12.2g 574172 231608 S   0.0   3.6  64:34.15 firefox
   4501 joel-wa+  20   0  213412  46548  44868 S   0.0   0.3   0:01.17 Socket Process
   4844 joel-wa+  20   0 2457136  95044  80452 S   0.0   0.6   0:47.22 WebExtensions
   5000 joel-wa+  20   0 2728692 246376  99320 S   0.0   1.5   1:39.27 Privileged Cont
   5092 joel-wa+  20   0 7132152 381188 128724 S   0.0   2.4   6:45.60 Isolated Web Co
   5112 joel-wa+  20   0 1682424   8220   2980 S   0.0   0.1   0:04.93 snap
   5404 joel-wa+  20   0  350412  45328  43440 S   0.0   0.3   0:05.94 Utility Process
   5411 joel-wa+  20   0 7142520 302308 107952 S   0.0   1.9  35:21.82 Isolated Web Co
   5633 joel-wa+  20   0 2608672 194864 105568 S   0.0   1.2   9:01.11 Isolated Web Co
   5728 joel-wa+  20   0 2822016 305100 119864 S   0.0   1.9   8:13.32 Isolated Web Co
   5735 joel-wa+  20   0 2447356 101544  86524 S   0.0   0.6   0:42.82 Isolated Web Co
   5737 joel-wa+  20   0   11408   4332   3816 S   0.0   0.0   0:00.10 bash
   5998 joel-wa+  20   0  117844   5080   4936 S   0.0   0.0   0:03.66 speech-dispatch
   6012 joel-wa+  20   0  631160 106260  90500 S   0.0   0.7   0:01.96 RDD Process
   6026 joel-wa+  20   0  105588   6088   6000 S   0.0   0.0   0:01.15 sd_espeak-ng
   6070 joel-wa+  20   0  358220   5492   5344 S   0.0   0.0   0:09.93 sd_dummy
   6103 joel-wa+  20   0    4936   1936   1912 S   0.0   0.0   0:00.35 brave-browser
   6143 joel-wa+  20   0  419428  26776  22016 S   0.0   0.2   0:03.36 update-notifier
   6283 joel-wa+  20   0    3372   1684   1664 S   0.0   0.0   0:00.00 cat
   6284 joel-wa+  20   0    3372   1876   1820 S   0.0   0.0   0:00.01 cat
   6285 joel-wa+  20   0   32.7g 317620 169196 S   0.0   2.0  78:04.10 brave
   6292 joel-wa+  20   0   32.0g   2360   2232 S   0.0   0.0   0:00.04 chrome_crashpad
   6294 joel-wa+  20   0   32.0g   2112   2092 S   0.0   0.0   0:00.00 chrome_crashpad
   6310 joel-wa+  20   0   32.3g  54156  52912 S   0.0   0.3   0:00.17 brave
   6312 joel-wa+  20   0   32.3g  57440  53120 S   0.0   0.4   0:00.17 brave
   6315 joel-wa+  20   0   32.3g   8632   4088 S   0.0   0.1   0:00.46 brave
   6362 joel-wa+  20   0   32.8g 180616 128488 S   0.0   1.1  81:52.48 brave
   6380 joel-wa+  20   0   32.4g 111768  99968 S   0.0   0.7  13:13.24 brave
   6394 joel-wa+  20   0   32.4g  48604  42612 S   0.0   0.3   0:18.28 brave
   6434 joel-wa+  20   0 1157.6g 350464 139024 S   0.0   2.2  39:04.63 brave
   6474 joel-wa+  20   0 1157.6g 134532 107288 S   0.0   0.8   5:43.54 brave
   6695 joel-wa+  20   0   32.7g  76220  74568 S   0.0   0.5   1:55.84 brave
   7000 joel-wa+  30  10  777468 178212 103540 S   0.0   1.1   1:14.55 update-manager
   7029 joel-wa+  20   0 1158.2g 222472 134880 S   0.0   1.4   5:24.27 code
   7033 joel-wa+  20   0   32.2g  40052  38800 S   0.0   0.2   0:00.12 code
   7034 joel-wa+  20   0   32.2g  42100  38712 S   0.0   0.3   0:00.12 code
   7036 joel-wa+  20   0   32.2g   7304   3712 S   0.0   0.0   0:00.02 code
   7061 joel-wa+  20   0   32.0g   2652   2460 S   0.0   0.0   0:00.05 chrome_crashpad
   7078 joel-wa+  20   0   32.9g  78708  53636 S   0.0   0.5  23:19.26 code
   7083 joel-wa+  20   0   32.3g  62524  58268 S   0.0   0.4   0:36.23 code
   7123 joel-wa+  20   0 1159.6g 224272 101500 S   0.0   1.4  20:37.66 code
   7132 joel-wa+  20   0 1159.6g 233676 101640 S   0.0   1.4   2:09.04 code
   7149 joel-wa+  20   0 1159.6g 235732 101784 S   0.0   1.5  18:07.08 code
   7157 joel-wa+  20   0 1161.4g 232248 101452 S   0.0   1.4   6:02.38 code
   7246 joel-wa+  20   0 1157.7g 131376  77088 S   0.0   0.8   4:47.54 code
   7257 joel-wa+  20   0 1157.7g  86848  73256 S   0.0   0.5   0:42.19 code
   7271 joel-wa+  20   0 1157.7g  89380  73120 S   0.0   0.6   0:41.74 code
   7281 joel-wa+  20   0 1157.7g 143328  77840 S   0.0   0.9   0:40.12 code
   7310 joel-wa+  20   0 1157.7g  98880  73288 S   0.0   0.6   0:50.22 code
   7311 joel-wa+  20   0 1157.7g 137068  77212 S   0.0   0.8   0:30.69 code
   7313 joel-wa+  20   0 1157.7g 210564  81660 S   0.0   1.3   0:55.35 code
   7369 joel-wa+  20   0 1157.7g  82620  73092 S   0.0   0.5   0:42.07 code
   7380 joel-wa+  20   0 1157.7g 135952  77828 S   0.0   0.8   0:35.95 code
   7539 joel-wa+  20   0 1157.8g  98188  74644 S   0.0   0.6   7:00.71 code
   7571 joel-wa+  20   0   11436   4400   3952 S   0.0   0.0   0:00.12 bash
   7632 joel-wa+  20   0   11568   5036   3948 S   0.0   0.0   0:00.15 bash
   7646 joel-wa+  20   0   11436   3860   3840 S   0.0   0.0   0:00.11 bash
   7859 joel-wa+  20   0   11436   4208   3904 S   0.0   0.0   0:00.10 bash
   8118 joel-wa+  20   0 1155.8g  83868  65708 S   0.0   0.5   0:07.33 code
   8338 joel-wa+  20   0    4888   3604   3280 S   0.0   0.0   0:01.87 pet
   8529 joel-wa+  20   0   11436   5772   3912 S   0.0   0.0   0:00.10 bash
   8600 joel-wa+  20   0 1155.8g  82892  64200 S   0.0   0.5   0:05.15 code
   8659 joel-wa+  20   0 1157.6g 135328  65940 S   0.0   0.8   0:11.83 code
   9491 root      20   0 1839164  25688  10636 S   0.0   0.2   0:38.11 snapd
  12723 joel-wa+  20   0   11408   4292   3804 S   0.0   0.0   0:00.08 bash
  12850 joel-wa+  20   0 1036996  24920  24704 S   0.0   0.2   0:24.60 multipass
  12943 joel-wa+  20   0 1036932  24964  24656 S   0.0   0.2   0:22.65 multipass
  13431 joel-wa+  20   0 2540288 157344 112600 S   0.0   1.0   0:57.66 file:// Content
  13621 joel-wa+  20   0   11540   5796   3932 S   0.0   0.0   0:00.55 bash
  13686 joel-wa+  20   0 2590244 189468 105256 S   0.0   1.2   1:18.97 Isolated Web Co
  17332 joel-wa+  20   0 2721908 238424 105924 S   0.0   1.5   3:00.80 Isolated Web Co
  24224 joel-wa+  20   0   16500   7672   5272 S   0.0   0.0   0:02.79 zsh
  24835 joel-wa+  20   0  888348  98440  56724 S   0.0   0.6   0:10.13 nautilus
  25753 joel-wa+  20   0  698708  59824  41080 S   0.0   0.4   0:04.02 gedit
  26223 joel-wa+  20   0   11536   5860   3952 S   0.0   0.0   0:00.67 bash
  48588 joel-wa+  20   0 1156.0g 194628 132664 S   0.0   1.2   1:42.07 brave
  61218 joel-wa+  20   0   35928  12520  12028 S   0.0   0.1   0:00.06 gnome-terminal
  61221 joel-wa+  20   0  381480  24576  19364 S   0.0   0.2   0:00.09 gnome-terminal.
  61226 joel-wa+  20   0   12056   6148   3948 S   0.0   0.0   0:00.09 bash
  63934 joel-wa+  20   0 1629472  86412  68756 S   0.0   0.5   3:12.96 gnome-control-c
  63972 joel-wa+  20   0   46960   6824   6604 S   0.0   0.0   0:00.00 obexd
  65404 joel-wa+  20   0 1192536  86484  42656 S   0.0   0.5   0:24.71 eog
  67957 joel-wa+  20   0 2428596  94428  79276 S   0.0   0.6   0:28.60 Isolated Web Co
  70306 joel-wa+  20   0 2453348  98732  83068 S   0.0   0.6   0:26.82 Isolated Web Co
  79905 joel-wa+  20   0   87948   4912   4532 S   0.0   0.0   0:00.02 oosplash
  79921 joel-wa+  20   0 1947528 325324 140728 S   0.0   2.0   0:22.11 soffice.bin
  82730 joel-wa+  20   0 3141348 488772 115572 S   0.0   3.0  10:39.45 Isolated Web Co
 110896 joel-wa+  20   0 1161.4g 243416 104892 S   0.0   1.5   1:05.99 code
 110924 joel-wa+  20   0 1157.7g  98804  73924 S   0.0   0.6   0:20.40 code
 110934 joel-wa+  20   0 1161.3g 175680  78064 S   0.0   1.1   0:15.21 code
 111228 joel-wa+  20   0  388772   9072   7840 S   0.0   0.1   0:00.08 gvfsd-network
 111243 joel-wa+  20   0  316828   8980   7804 S   0.0   0.1   0:00.15 gvfsd-dnssd
 111368 joel-wa+  20   0   11552   5848   3940 S   0.0   0.0   0:00.10 bash
 113388 joel-wa+  20   0 1036944  26908  25240 S   0.0   0.2   0:11.46 multipass
 114926 joel-wa+  20   0   11540   5840   3968 S   0.0   0.0   0:00.17 bash
 116625 joel-wa+  20   0 1132.2g 175556 120768 S   0.0   1.1   8:20.91 whatsapp-linux-
 116700 joel-wa+  20   0   32.4g  46064  37228 S   0.0   0.3   0:00.23 whatsapp-linux-
 116701 joel-wa+  20   0   32.4g  46324  37492 S   0.0   0.3   0:00.50 whatsapp-linux-
 116753 joel-wa+  20   0   32.6g  95076  61120 S   0.0   0.6   1:11.77 whatsapp-linux-
 116763 joel-wa+  20   0   32.5g  74528  62820 S   0.0   0.5   0:20.42 whatsapp-linux-
 116855 joel-wa+  20   0 1136.3g 397064 131132 S   0.0   2.5  32:59.83 whatsapp-linux-
 117355 joel-wa+  20   0 6979236 204400 122356 S   0.0   1.3   1:01.79 Isolated Web Co
 118070 joel-wa+  20   0   32.4g  57784  48404 S   0.0   0.4   0:21.40 whatsapp-linux-
 120322 joel-wa+  20   0 1156.0g 223240 139152 S   0.0   1.4   5:49.90 brave
 125915 joel-wa+  20   0   16496   8172   5848 S   0.0   0.1   0:00.58 zsh
 132099 joel-wa+  20   0   13008   7340   3952 S   0.0   0.0   0:00.27 bash
 134235 joel-wa+  20   0   14044   8400   3944 S   0.0   0.1   0:00.44 bash
 139025 joel-wa+  20   0   32.7g 237580 189348 S   0.0   1.5   2:20.80 chrome
 139031 joel-wa+  20   0    8516   2040   1936 S   0.0   0.0   0:00.00 cat
 139032 joel-wa+  20   0    8516   2048   1936 S   0.0   0.0   0:00.00 cat
 139034 joel-wa+  20   0   32.0g   3720   3360 S   0.0   0.0   0:00.00 chrome_crashpad
 139036 joel-wa+  20   0   32.0g   3556   3216 S   0.0   0.0   0:00.00 chrome_crashpad
 139042 joel-wa+  20   0   32.4g  60712  47968 S   0.0   0.4   0:00.04 chrome
 139043 joel-wa+  20   0   32.4g  60704  48056 S   0.0   0.4   0:00.03 chrome
 139045 joel-wa+  20   0   32.4g  16812   4060 S   0.0   0.1   0:00.06 chrome
 139072 joel-wa+  20   0   32.8g 158232 117568 S   0.0   1.0   0:06.13 chrome
 139074 joel-wa+  20   0   32.4g 111976  95428 S   0.0   0.7   0:06.74 chrome
 139083 joel-wa+  20   0   32.4g  51856  37804 S   0.0   0.3   0:02.11 chrome
 139126 joel-wa+  20   0 1155.9g 100112  80768 S   0.0   0.6   0:00.73 chrome
 139223 joel-wa+  20   0 1156.0g 141212 113832 S   0.0   0.9   0:01.14 chrome
 139260 joel-wa+  20   0 1156.0g 109760  90264 S   0.0   0.7   0:00.66 chrome
 139261 joel-wa+  20   0 1156.0g 111088  91508 S   0.0   0.7   0:00.65 chrome
 143044 joel-wa+  20   0 1159.6g 263344 102424 S   0.0   1.6   0:47.36 code
 143075 joel-wa+  20   0 1157.7g 107312  73708 S   0.0   0.7   0:16.72 code
 143086 joel-wa+  20   0 1157.7g 262584  81156 S   0.0   1.6   0:22.46 code
 143252 joel-wa+  20   0    4944   3912   3220 S   0.0   0.0   0:00.83 pet
 143352 joel-wa+  20   0   11440   5792   3932 S   0.0   0.0   0:00.03 bash
 143401 joel-wa+  20   0 1157.6g 134760  66124 S   0.0   0.8   0:03.43 code
 143548 joel-wa+  20   0 1155.8g  83592  64432 S   0.0   0.5   0:01.83 code
 143589 joel-wa+  20   0 1155.9g  69464  51756 S   0.0   0.4   0:00.54 chrome
 143940 joel-wa+  20   0 1156.0g 169708 124696 S   0.0   1.1   0:04.72 brave
 159665 joel-wa+  20   0 1155.9g  63720  54248 S   0.0   0.4   0:00.52 brave
 168760 joel-wa+  20   0 7424688 368640 127640 S   0.0   2.3   1:53.95 Isolated Web Co
 190452 joel-wa+  20   0   13244   6792   4960 S   0.0   0.0   0:00.13 zsh
 190506 joel-wa+  20   0   11540   5844   3960 S   0.0   0.0   0:00.23 bash
 195329 joel-wa+  20   0 1155.9g 132516 108796 S   0.0   0.8   0:00.87 brave
 196669 joel-wa+  20   0 2431292  92184  77320 S   0.0   0.6   0:03.53 Isolated Web Co
 201315 joel-wa+  20   0 2722944 266732 109976 S   0.0   1.7   0:57.22 Isolated Web Co
 201473 joel-wa+  20   0 2406580  77612  64644 S   0.0   0.5   0:02.42 Web Content
 201476 joel-wa+  20   0 2406580  77332  64348 S   0.0   0.5   0:01.99 Web Content
 201530 root      20   0       0      0      0 I   0.0   0.0   0:00.96 kworker/2:1-events
 203599 root      20   0       0      0      0 I   0.0   0.0   0:00.70 kworker/7:1-mm_percpu_wq
 203780 root      20   0       0      0      0 I   0.0   0.0   0:00.59 kworker/5:2-events
 203783 root      20   0       0      0      0 I   0.0   0.0   0:01.36 kworker/u16:12-events_power+
 204848 root      20   0       0      0      0 I   0.0   0.0   0:00.71 kworker/3:1-events
 204866 root       0 -20       0      0      0 I   0.0   0.0   0:01.45 kworker/u17:0-i915_flip
 204960 root      20   0       0      0      0 I   0.0   0.0   0:00.03 kworker/2:0-events
 205154 root     -51   0       0      0      0 S   0.0   0.0   0:00.00 irq/127-mei_me
 205155 root      20   0       0      0      0 I   0.0   0.0   0:00.02 kworker/0:0-kacpi_notify
 205157 root      20   0       0      0      0 I   0.0   0.0   0:00.65 kworker/4:4-events
 205402 postfix   20   0   41616   6912   6272 S   0.0   0.0   0:00.00 qmgr
 205403 postfix   20   0   41572   6912   6272 S   0.0   0.0   0:00.01 pickup
 207376 root      20   0       0      0      0 I   0.0   0.0   0:03.57 kworker/6:0-i915-unordered
 207471 root      20   0       0      0      0 I   0.0   0.0   0:00.00 kworker/5:0-events
 207476 root      20   0       0      0      0 I   0.0   0.0   0:00.01 kworker/3:0-events
 207500 joel-wa+  20   0 3280584  74100  55680 S   0.0   0.5   0:00.83 gjs
 208605 joel-wa+  20   0 2406600  77568  64896 S   0.0   0.5   0:00.86 Web Content
 209920 root      20   0       0      0      0 I   0.0   0.0   0:00.38 kworker/u16:1-events_power_+
 210035 root      20   0       0      0      0 I   0.0   0.0   0:00.99 kworker/0:1-events
 210216 root      20   0       0      0      0 I   0.0   0.0   0:00.00 kworker/7:2
 210308 root      20   0       0      0      0 I   0.0   0.0   0:00.22 kworker/1:2-events
 210982 joel-wa+  20   0   16248   7360   5248 S   0.0   0.0   0:00.16 zsh
 211092 joel-wa+  20   0   11408   5376   3712 S   0.0   0.0   0:00.10 bash
 211185 root       0 -20       0      0      0 I   0.0   0.0   0:00.51 kworker/u17:2-hci0
 211213 root      20   0       0      0      0 I   0.0   0.0   0:00.00 kworker/4:0-events
 211223 root      20   0       0      0      0 I   0.0   0.0   0:00.00 kworker/6:1
 211747 root      20   0       0      0      0 I   0.0   0.0   0:00.06 kworker/0:3-usb_hub_wq
 211906 root      20   0       0      0      0 I   0.0   0.0   0:00.00 kworker/1:0-events
 212019 root      20   0       0      0      0 I   0.0   0.0   0:00.04 kworker/u16:2-events_unbound
 212032 joel-wa+  20   0   11408   5120   3584 S   0.0   0.0   0:00.05 bash
 212040 root       0 -20       0      0      0 I   0.0   0.0   0:00.00 kworker/u17:3-hci0
 212069 root      20   0       0      0      0 I   0.0   0.0   0:00.05 kworker/u16:3-flush-259:0
 212674 root      20   0       0      0      0 I   0.0   0.0   0:00.04 kworker/0:2-events
 212822 root      20   0       0      0      0 I   0.0   0.0   0:00.00 kworker/5:1-events
 212833 root      20   0       0      0      0 I   0.0   0.0   0:00.00 kworker/3:2
 213001 joel-wa+  20   0 1134.1g 103364  59728 S   0.0   0.6   0:00.16 whatsapp-linux-
 213163 root      20   0       0      0      0 I   0.0   0.0   0:00.00 kworker/4:1
top - 22:01:21 up 2 days,  6:57,  1 user,  load average: 0.98, 1.02, 0.94
Tasks: 449 total,   1 running, 448 sleeping,   0 stopped,   0 zombie
%Cpu(s): 18.4 us,  3.7 sy,  0.0 ni, 74.3 id,  3.7 wa,  0.0 hi,  0.0 si,  0.0 st
MiB Mem :  15755.9 total,    443.9 free,   9823.0 used,   5489.0 buff/cache
MiB Swap:   2048.0 total,    735.8 free,   1312.2 used.   3940.4 avail Mem 

    PID USER      PR  NI    VIRT    RES    SHR S  %CPU  %MEM     TIME+ COMMAND
   3166 root      20   0 4061528 989420   4160 S 118.8   6.1  14:40.98 qemu-system-x86
   3481 joel-wa+  20   0 6936712 413412 141528 S   6.2   2.6 132:22.12 gnome-shell
   4259 joel-wa+  20   0   12.2g 584828 231736 S   6.2   3.6  64:36.80 firefox
top - 22:01:41 up 2 days,  6:57,  1 user,  load average: 1.19, 1.06, 0.95
Tasks: 448 total,   1 running, 447 sleeping,   0 stopped,   0 zombie
%Cpu(s):  6.4 us,  4.1 sy,  0.0 ni, 89.5 id,  0.0 wa,  0.0 hi,  0.0 si,  0.0 st
MiB Mem :  15755.9 total,    492.6 free,   9781.1 used,   5482.2 buff/cache
MiB Swap:   2048.0 total,    735.8 free,   1312.2 used.   3991.0 avail Mem 

    PID USER      PR  NI    VIRT    RES    SHR S  %CPU  %MEM     TIME+ COMMAND
 213384 joel-wa+  20   0   13340   4352   3328 R  22.2   0.0   0:00.07 top
   3481 joel-wa+  20   0 6932604 413556 141656 S  16.7   2.6 132:24.12 gnome-shell
 117443 joel-wa+  20   0 2676396 257880 134616 S  11.1   1.6   1:15.88 Isolated Web Co
